INFO:root:loading data-params...
INFO:root:{'expand': True, 'split': 0.2, 'random_state': 42, 'save_path': 'data/temp/', 'train_name': 'train.csv', 'test_name': 'test.csv'}
INFO:root:downloading datasets....
INFO:root:loading datasets....
INFO:root:loading data-params...
INFO:root:{'expand': True, 'split': 0.2, 'random_state': 42, 'save_path': 'data/temp/', 'train_name': 'train.csv', 'test_name': 'test.csv'}
INFO:root:downloading datasets....
INFO:root:loading datasets....
INFO:root:loading data-params...
INFO:root:{'expand': True, 'split': 0.2, 'random_state': 42, 'save_path': 'data/temp/', 'train_name': 'train.csv', 'test_name': 'test.csv'}
INFO:root:downloading datasets....
INFO:root:loading datasets....
INFO:root:loading data-params...
INFO:root:{'expand': True, 'split': 0.2, 'random_state': 42, 'save_path': 'data/temp/', 'train_name': 'train.csv', 'test_name': 'test.csv'}
INFO:root:downloading datasets....
INFO:root:loading datasets....
INFO:root:datasets loaded
INFO:root:preprocessing...
INFO:root:preprocessing completed.
INFO:root:train test with 0.2 split, random state 42
INFO:root:saving training and testing data...
INFO:root:training and testing saved at {}
INFO:root:loading training-params...
INFO:root:{'input_path': '../data/temp'}
INFO:root:loading data-params...
INFO:root:{'expand': True, 'split': 0.2, 'random_state': 42, 'save_path': 'data/temp/', 'train_name': 'train.csv', 'test_name': 'test.csv'}
INFO:root:downloading datasets....
INFO:root:loading datasets....
INFO:root:datasets loaded
INFO:root:preprocessing...
INFO:root:preprocessing completed.
INFO:root:train test with 0.2 split, random state 42
INFO:root:saving training and testing data...
INFO:root:training and testing saved at {}
INFO:root:loading training-params...
INFO:root:{'input_path': '../data/temp'}
INFO:root:loading data-params...
INFO:root:{'expand': True, 'split': 0.2, 'random_state': 42, 'save_path': 'data/temp/', 'train_name': 'train.csv', 'test_name': 'test.csv'}
INFO:root:downloading datasets....
INFO:root:loading datasets....
INFO:root:datasets loaded
INFO:root:preprocessing...
INFO:root:preprocessing completed.
INFO:root:train test with 0.2 split, random state 42
INFO:root:saving training and testing data...
INFO:root:training and testing saved at {}
INFO:root:loading training-params...
INFO:root:{'input_path': '../data/temp'}
INFO:root:loading data-params...
INFO:root:{'expand': True, 'split': 0.2, 'random_state': 42, 'save_path': 'data/temp/', 'train_name': 'train.csv', 'test_name': 'test.csv'}
INFO:root:downloading datasets....
INFO:root:loading datasets....
INFO:root:datasets loaded
INFO:root:preprocessing...
INFO:root:preprocessing completed.
INFO:root:train test with 0.2 split, random state 42
INFO:root:saving training and testing data...
INFO:root:training and testing saved at {}
INFO:root:loading training-params...
INFO:root:{'input_path': '../data/temp'}
INFO:root:loading data-params...
INFO:root:{'data_path': 'data', 'expand': True, 'split': 0.2, 'random_state': 42, 'ds1_name': 'sentiment-analysis-for-financial-news.zip', 'ds2_name': 'stockmarket-sentiment-dataset.zip', 'ds3_name': 'stock-markettweets-lexicon-data.zip', 'ds1_path': 'ankurzing/sentiment-analysis-for-financial-news', 'ds2_path': 'yash612/stockmarSket-sentiment-dataset', 'ds3_path': 'utkarshxy/stock-markettweets-lexicon-data', 'save_path': 'data/temp/', 'save_path_raw': 'data/raw', 'train_name': 'train.csv', 'test_name': 'test.csv'}
INFO:root:loading data-params...
INFO:root:{'data_path': 'data', 'expand': True, 'split': 0.2, 'random_state': 42, 'ds1_name': 'sentiment-analysis-for-financial-news.zip', 'ds2_name': 'stockmarket-sentiment-dataset.zip', 'ds3_name': 'stock-markettweets-lexicon-data.zip', 'ds1_path': 'ankurzing/sentiment-analysis-for-financial-news', 'ds2_path': 'yash612/stockmarSket-sentiment-dataset', 'ds3_path': 'utkarshxy/stock-markettweets-lexicon-data', 'save_path': 'data/temp/', 'save_path_raw': 'data/raw', 'train_name': 'train.csv', 'test_name': 'test.csv'}
INFO:root:downloading datasets....
INFO:root:downloading done.
INFO:root:loading datasets from data/raw....
INFO:root:datasets loaded
INFO:root:preprocessing...
INFO:root:preprocessing completed.
INFO:root:train test with 0.2 split, random state 42
INFO:root:saving training and testing data...
INFO:root:training and testing saved at {}
INFO:root:loading training-params...
INFO:root:{'input_path': 'data/temp', 'output_dir': 'results', 'model_name': 'bert-base-cased', 'tokenizer_name': 'bert-base-cased', 'padding': 'max_length', 'evaluation_strategy': 'epoch', 'num_train_epochs': 5, 'log_level': 'error', 'report_to': 'none', 'per_device_train_batch_size': 'per_device_train_batch_size', 'metric': 'accuracy'}
INFO:root:initiate training...
INFO:root:There are 1 GPU(s) available.
WARNING:datasets.builder:Using custom data configuration temp-63edfc64bf239206
INFO:root:loading data-params...
INFO:root:{'data_path': 'data', 'expand': True, 'split': 0.2, 'random_state': 42, 'ds1_name': 'sentiment-analysis-for-financial-news.zip', 'ds2_name': 'stockmarket-sentiment-dataset.zip', 'ds3_name': 'stock-markettweets-lexicon-data.zip', 'ds1_path': 'ankurzing/sentiment-analysis-for-financial-news', 'ds2_path': 'yash612/stockmarSket-sentiment-dataset', 'ds3_path': 'utkarshxy/stock-markettweets-lexicon-data', 'save_path': 'data/temp/', 'save_path_raw': 'data/raw', 'train_name': 'train.csv', 'test_name': 'test.csv'}
INFO:root:downloading datasets....
INFO:root:downloading done.
INFO:root:loading datasets from data/raw....
INFO:root:datasets loaded
INFO:root:preprocessing...
INFO:root:preprocessing completed.
INFO:root:train test with 0.2 split, random state 42
INFO:root:saving training and testing data...
INFO:root:training and testing saved at {}
INFO:root:loading training-params...
INFO:root:{'input_path': 'data/temp', 'output_dir': 'results', 'model_name': 'bert-base-cased', 'tokenizer_name': 'bert-base-cased', 'padding': 'max_length', 'evaluation_strategy': 'epoch', 'num_train_epochs': 5, 'log_level': 'error', 'report_to': 'none', 'per_device_train_batch_size': 'per_device_train_batch_size', 'metric_name': 'accuracy'}
INFO:root:initiate training...
INFO:root:There are 1 GPU(s) available.
WARNING:datasets.builder:Using custom data configuration temp-179a9526d0f2981d
INFO:root:loading data-params...
INFO:root:{'data_path': 'data', 'expand': True, 'split': 0.2, 'random_state': 42, 'ds1_name': 'sentiment-analysis-for-financial-news.zip', 'ds2_name': 'stockmarket-sentiment-dataset.zip', 'ds3_name': 'stock-markettweets-lexicon-data.zip', 'ds1_path': 'ankurzing/sentiment-analysis-for-financial-news', 'ds2_path': 'yash612/stockmarSket-sentiment-dataset', 'ds3_path': 'utkarshxy/stock-markettweets-lexicon-data', 'save_path': 'data/temp/', 'save_path_raw': 'data/raw', 'train_name': 'train.csv', 'test_name': 'test.csv'}
INFO:root:downloading datasets....
INFO:root:downloading done.
INFO:root:loading datasets from data/raw....
INFO:root:datasets loaded
INFO:root:preprocessing...
INFO:root:preprocessing completed.
INFO:root:train test with 0.2 split, random state 42
INFO:root:saving training and testing data...
INFO:root:training and testing saved at {}
INFO:root:loading training-params...
INFO:root:{'input_path': 'data/temp', 'output_dir': 'results', 'model_name': 'bert-base-cased', 'tokenizer_name': 'bert-base-cased', 'padding': 'max_length', 'evaluation_strategy': 'epoch', 'num_train_epochs': 5, 'log_level': 'error', 'report_to': 'none', 'per_device_train_batch_size': 'per_device_train_batch_size', 'metric_name': 'accuracy'}
INFO:root:initiate training...
INFO:root:There are 1 GPU(s) available.
WARNING:datasets.builder:Using custom data configuration temp-30d8b383138ec658
INFO:root:loading data-params...
INFO:root:{'data_path': 'data', 'expand': True, 'split': 0.2, 'random_state': 42, 'ds1_name': 'sentiment-analysis-for-financial-news.zip', 'ds2_name': 'stockmarket-sentiment-dataset.zip', 'ds3_name': 'stock-markettweets-lexicon-data.zip', 'ds1_path': 'ankurzing/sentiment-analysis-for-financial-news', 'ds2_path': 'yash612/stockmarSket-sentiment-dataset', 'ds3_path': 'utkarshxy/stock-markettweets-lexicon-data', 'save_path': 'data/temp/', 'save_path_raw': 'data/raw', 'train_name': 'train.csv', 'test_name': 'test.csv'}
INFO:root:downloading datasets....
INFO:root:downloading done.
INFO:root:loading datasets from data/raw....
INFO:root:datasets loaded
INFO:root:preprocessing...
INFO:root:preprocessing completed.
INFO:root:train test with 0.2 split, random state 42
INFO:root:saving training and testing data...
INFO:root:training and testing saved at {}
INFO:root:loading training-params...
INFO:root:{'input_path': 'data/temp', 'output_dir': 'results', 'model_name': 'bert-base-cased', 'tokenizer_name': 'bert-base-cased', 'padding': 'max_length', 'evaluation_strategy': 'epoch', 'num_train_epochs': 5, 'log_level': 'error', 'report_to': 'none', 'per_device_train_batch_size': 'per_device_train_batch_size', 'metric_name': 'accuracy'}
INFO:root:initiate training...
INFO:root:loading data-params...
INFO:root:{'data_path': 'data', 'expand': True, 'split': 0.2, 'random_state': 42, 'ds1_name': 'sentiment-analysis-for-financial-news.zip', 'ds2_name': 'stockmarket-sentiment-dataset.zip', 'ds3_name': 'stock-markettweets-lexicon-data.zip', 'ds1_path': 'ankurzing/sentiment-analysis-for-financial-news', 'ds2_path': 'yash612/stockmarSket-sentiment-dataset', 'ds3_path': 'utkarshxy/stock-markettweets-lexicon-data', 'df1_name': 'all-data.csv', 'df2_name': 'stock_data.csv', 'df3_name': 'tweets_labelled_09042020_16072020.csv', 'save_path': 'data/temp/', 'save_path_raw': 'data/raw', 'train_name': 'train.csv', 'test_name': 'test.csv'}
INFO:root:downloading datasets....
INFO:root:loading data-params...
INFO:root:{'data_path': 'data', 'expand': True, 'split': 0.2, 'random_state': 42, 'ds1_name': 'sentiment-analysis-for-financial-news.zip', 'ds2_name': 'stockmarket-sentiment-dataset.zip', 'ds3_name': 'stock-markettweets-lexicon-data.zip', 'ds1_path': 'ankurzing/sentiment-analysis-for-financial-news', 'ds2_path': 'yash612/stockmarSket-sentiment-dataset', 'ds3_path': 'utkarshxy/stock-markettweets-lexicon-data', 'df1_name': 'all-data.csv', 'df2_name': 'stock_data.csv', 'df3_name': 'tweets_labelled_09042020_16072020.csv', 'save_path': 'data/temp', 'save_path_raw': 'data/raw', 'train_name': 'train.csv', 'test_name': 'test.csv'}
INFO:root:downloading datasets....
INFO:root:loading data-params...
INFO:root:{'data_path': 'data', 'expand': True, 'split': 0.2, 'random_state': 42, 'ds1_name': 'sentiment-analysis-for-financial-news.zip', 'ds2_name': 'stockmarket-sentiment-dataset.zip', 'ds3_name': 'stock-markettweets-lexicon-data.zip', 'ds1_path': 'ankurzing/sentiment-analysis-for-financial-news', 'ds2_path': 'yash612/stockmarSket-sentiment-dataset', 'ds3_path': 'utkarshxy/stock-markettweets-lexicon-data', 'df1_name': 'all-data.csv', 'df2_name': 'stock_data.csv', 'df3_name': 'tweets_labelled_09042020_16072020.csv', 'save_path': 'data/temp', 'save_path_raw': 'data/raw', 'train_name': 'train.csv', 'test_name': 'test.csv'}
INFO:root:downloading datasets....
INFO:root:downloading done.
INFO:root:loading datasets from data/raw....
INFO:root:loading data-params...
INFO:root:{'data_path': 'data', 'expand': True, 'split': 0.2, 'random_state': 42, 'ds1_name': 'sentiment-analysis-for-financial-news.zip', 'ds2_name': 'stockmarket-sentiment-dataset.zip', 'ds3_name': 'stock-markettweets-lexicon-data.zip', 'ds1_path': 'ankurzing/sentiment-analysis-for-financial-news', 'ds2_path': 'yash612/stockmarSket-sentiment-dataset', 'ds3_path': 'utkarshxy/stock-markettweets-lexicon-data', 'df1_name': 'all-data.csv', 'df2_name': 'stock_data.csv', 'df3_name': 'tweets_labelled_09042020_16072020.csv', 'save_path': 'data/temp', 'save_path_raw': 'data/raw', 'train_name': 'train.csv', 'test_name': 'test.csv'}
INFO:root:downloading datasets....
INFO:root:downloading done.
INFO:root:loading datasets from data/raw....
INFO:root:datasets loaded
INFO:root:preprocessing...
INFO:root:preprocessing completed.
INFO:root:train test with 0.2 split, random state 42
INFO:root:saving training and testing data...
INFO:root:training and testing saved at {}
INFO:root:loading training-params...
INFO:root:{'input_path': 'data/temp', 'output_dir': 'results', 'model_name': 'bert-base-cased', 'tokenizer_name': 'bert-base-cased', 'padding': 'max_length', 'evaluation_strategy': 'epoch', 'num_train_epochs': 5, 'log_level': 'error', 'report_to': 'none', 'per_device_train_batch_size': 'per_device_train_batch_size', 'metric_name': 'accuracy'}
INFO:root:initiate training...
INFO:root:There are 1 GPU(s) available.
WARNING:datasets.builder:Using custom data configuration temp-786eb66b0734f572
INFO:root:loading data-params...
INFO:root:{'data_path': 'data', 'expand': True, 'split': 0.2, 'random_state': 42, 'ds1_name': 'sentiment-analysis-for-financial-news.zip', 'ds2_name': 'stockmarket-sentiment-dataset.zip', 'ds3_name': 'stock-markettweets-lexicon-data.zip', 'ds1_path': 'ankurzing/sentiment-analysis-for-financial-news', 'ds2_path': 'yash612/stockmarSket-sentiment-dataset', 'ds3_path': 'utkarshxy/stock-markettweets-lexicon-data', 'df1_name': 'all-data.csv', 'df2_name': 'stock_data.csv', 'df3_name': 'tweets_labelled_09042020_16072020.csv', 'save_path': 'data/temp', 'save_path_raw': 'data/raw', 'train_name': 'train.csv', 'test_name': 'test.csv'}
INFO:root:downloading datasets....
INFO:root:downloading done.
INFO:root:loading datasets from data/raw....
INFO:root:datasets loaded
INFO:root:preprocessing...
INFO:root:preprocessing completed.
INFO:root:train test with 0.2 split, random state 42
INFO:root:saving training and testing data...
INFO:root:training and testing saved at {}
INFO:root:loading training-params...
INFO:root:{'input_path': 'data/temp', 'output_dir': 'results', 'model_name': 'bert-base-cased', 'tokenizer_name': 'bert-base-cased', 'padding': 'max_length', 'evaluation_strategy': 'epoch', 'num_train_epochs': 5, 'log_level': 'error', 'report_to': 'none', 'per_device_train_batch_size': 8, 'metric_name': 'accuracy'}
INFO:root:initiate training...
INFO:root:There are 1 GPU(s) available.
WARNING:datasets.builder:Using custom data configuration temp-786eb66b0734f572
WARNING:datasets.builder:Found cached dataset csv (/home/xihong/.cache/huggingface/datasets/csv/temp-786eb66b0734f572/0.0.0/6b34fb8fcf56f7c8ba51dc895bfa2bfbe43546f190a60fcf74bb5e8afdcc2317)
WARNING:datasets.arrow_dataset:Loading cached processed dataset at /home/xihong/.cache/huggingface/datasets/csv/temp-786eb66b0734f572/0.0.0/6b34fb8fcf56f7c8ba51dc895bfa2bfbe43546f190a60fcf74bb5e8afdcc2317/cache-f0198c984fa81067.arrow
INFO:root:loading data-params...
INFO:root:{'data_path': 'data', 'expand': True, 'split': 0.2, 'random_state': 42, 'ds1_name': 'sentiment-analysis-for-financial-news.zip', 'ds2_name': 'stockmarket-sentiment-dataset.zip', 'ds3_name': 'stock-markettweets-lexicon-data.zip', 'ds1_path': 'ankurzing/sentiment-analysis-for-financial-news', 'ds2_path': 'yash612/stockmarSket-sentiment-dataset', 'ds3_path': 'utkarshxy/stock-markettweets-lexicon-data', 'df1_name': 'all-data.csv', 'df2_name': 'stock_data.csv', 'df3_name': 'tweets_labelled_09042020_16072020.csv', 'save_path': 'data/temp', 'save_path_raw': 'data/raw', 'train_name': 'train.csv', 'test_name': 'test.csv'}
INFO:root:downloading datasets....
INFO:root:downloading done.
INFO:root:loading datasets from data/raw....
INFO:root:loading data-params...
INFO:root:{'data_path': 'data', 'expand': True, 'split': 0.2, 'random_state': 42, 'ds1_name': 'sentiment-analysis-for-financial-news.zip', 'ds2_name': 'stockmarket-sentiment-dataset.zip', 'ds3_name': 'stock-markettweets-lexicon-data.zip', 'ds1_path': 'ankurzing/sentiment-analysis-for-financial-news', 'ds2_path': 'yash612/stockmarSket-sentiment-dataset', 'ds3_path': 'utkarshxy/stock-markettweets-lexicon-data', 'df1_name': 'all-data.csv', 'df2_name': 'stock_data.csv', 'df3_name': 'tweets_labelled_09042020_16072020.csv', 'save_path': 'data/temp', 'save_path_raw': 'data/raw', 'train_name': 'train.csv', 'test_name': 'test.csv'}
INFO:root:downloading datasets....
INFO:root:downloading done.
INFO:root:loading datasets from data/raw....
INFO:root:loading data-params...
INFO:root:{'data_path': 'data', 'expand': True, 'split': 0.2, 'random_state': 42, 'ds1_name': 'sentiment-analysis-for-financial-news.zip', 'ds2_name': 'stockmarket-sentiment-dataset.zip', 'ds3_name': 'stock-markettweets-lexicon-data.zip', 'ds1_path': 'ankurzing/sentiment-analysis-for-financial-news', 'ds2_path': 'yash612/stockmarket-sentiment-dataset', 'ds3_path': 'utkarshxy/stock-markettweets-lexicon-data', 'df1_name': 'all-data.csv', 'df2_name': 'stock_data.csv', 'df3_name': 'tweets_labelled_09042020_16072020.csv', 'save_path': 'data/temp', 'save_path_raw': 'data/raw', 'train_name': 'train.csv', 'test_name': 'test.csv'}
INFO:root:downloading datasets....
INFO:root:downloading done.
INFO:root:loading datasets from data/raw....
INFO:root:datasets loaded
INFO:root:preprocessing...
INFO:root:preprocessing completed.
INFO:root:train test with 0.2 split, random state 42
INFO:root:saving training and testing data...
INFO:root:training and testing saved at {}
INFO:root:loading training-params...
INFO:root:{'input_path': 'data/temp', 'output_dir': 'results', 'model_name': 'bert-base-cased', 'tokenizer_name': 'bert-base-cased', 'padding': 'max_length', 'evaluation_strategy': 'epoch', 'num_train_epochs': 5, 'log_level': 'error', 'report_to': 'none', 'per_device_train_batch_size': 8, 'metric_name': 'accuracy'}
INFO:root:initiate training...
INFO:root:There are 1 GPU(s) available.
WARNING:datasets.builder:Using custom data configuration temp-62bfd4a827eebe35
INFO:root:TrainOutput(global_step=5970, training_loss=0.3124922629377151, metrics={'train_runtime': 2040.5662, 'train_samples_per_second': 23.398, 'train_steps_per_second': 2.926, 'train_loss': 0.3124922629377151, 'epoch': 5.0})
INFO:root:training done.
INFO:root:training time: 2063.4841918945312
INFO:root:initiate testing from results/saved_model_1/ ...
INFO:root:loading test data from data/temp/test.csv ...
INFO:root:initiate testing from results/saved_model_1/ ...
INFO:root:loading test data from data/temp/test.csv ...
INFO:root:saving predictions to data/out ...
INFO:root:initiate testing from results/saved_model_1/ ...
INFO:root:loading test data from data/temp/test.csv ...
INFO:root:saving predictions to data/out ...
INFO:root:testing done
INFO:root:initiate testing from results/saved_model_1/ ...
INFO:root:loading test data from data/temp/test.csv ...
INFO:root:predicting ...
INFO:root:saving predictions to data/out ...
INFO:root:initiate testing from results/saved_model_1/ ...
INFO:root:loading test data from data/temp/test.csv ...
INFO:root:predicting ...
INFO:root:saving predictions to data/out ...
INFO:root:initiate testing from results/saved_model_1/ ...
INFO:root:loading test data from data/temp/test.csv ...
INFO:root:predicting ...
INFO:root:saving predictions to data/out ...
INFO:root:initiate testing from results/saved_model_1/ ...
INFO:root:loading test data from data/temp/test.csv ...
INFO:root:predicting ...
INFO:root:saving predictions to data/out ...
INFO:root:testing done
INFO:root:initiate testing from results/saved_model_1/ ...
INFO:root:loading test data from data/temp/test.csv ...
INFO:root:predicting ...
INFO:root:saving predictions to data/out ...
INFO:root:testing done
INFO:root:[]
INFO:root:[]
INFO:root:loading data-params...
INFO:root:{'data_path': 'data', 'expand': True, 'split': 0.2, 'random_state': 42, 'ds1_name': 'sentiment-analysis-for-financial-news.zip', 'ds2_name': 'stockmarket-sentiment-dataset.zip', 'ds3_name': 'stock-markettweets-lexicon-data.zip', 'ds1_path': 'ankurzing/sentiment-analysis-for-financial-news', 'ds2_path': 'yash612/stockmarket-sentiment-dataset', 'ds3_path': 'utkarshxy/stock-markettweets-lexicon-data', 'df1_name': 'all-data.csv', 'df2_name': 'stock_data.csv', 'df3_name': 'tweets_labelled_09042020_16072020.csv', 'save_path': 'data/temp', 'save_path_raw': 'data/raw', 'train_name': 'train.csv', 'test_name': 'test.csv'}
INFO:root:test run start...
INFO:root:[]
INFO:root:loading data-params...
INFO:root:{'data_path': 'data', 'expand': True, 'split': 0.2, 'random_state': 42, 'ds1_name': 'sentiment-analysis-for-financial-news.zip', 'ds2_name': 'stockmarket-sentiment-dataset.zip', 'ds3_name': 'stock-markettweets-lexicon-data.zip', 'ds1_path': 'ankurzing/sentiment-analysis-for-financial-news', 'ds2_path': 'yash612/stockmarket-sentiment-dataset', 'ds3_path': 'utkarshxy/stock-markettweets-lexicon-data', 'df1_name': 'all-data.csv', 'df2_name': 'stock_data.csv', 'df3_name': 'tweets_labelled_09042020_16072020.csv', 'save_path': 'data/temp', 'save_path_raw': 'data/raw', 'train_name': 'train.csv', 'test_name': 'test.csv'}
INFO:root:test run start...
INFO:root:initiate testing from results//bert-base-cased ...
INFO:root:[]
INFO:root:loading data-params...
INFO:root:{'data_path': 'data', 'expand': True, 'split': 0.2, 'random_state': 42, 'ds1_name': 'sentiment-analysis-for-financial-news.zip', 'ds2_name': 'stockmarket-sentiment-dataset.zip', 'ds3_name': 'stock-markettweets-lexicon-data.zip', 'ds1_path': 'ankurzing/sentiment-analysis-for-financial-news', 'ds2_path': 'yash612/stockmarket-sentiment-dataset', 'ds3_path': 'utkarshxy/stock-markettweets-lexicon-data', 'df1_name': 'all-data.csv', 'df2_name': 'stock_data.csv', 'df3_name': 'tweets_labelled_09042020_16072020.csv', 'save_path': 'data/temp', 'save_path_raw': 'data/raw', 'train_name': 'train.csv', 'test_name': 'test.csv'}
INFO:root:test run start...
INFO:root:initiate testing from results/bert-base-cased ...
INFO:root:[]
INFO:root:loading data-params...
INFO:root:{'data_path': 'data', 'expand': True, 'split': 0.2, 'random_state': 42, 'ds1_name': 'sentiment-analysis-for-financial-news.zip', 'ds2_name': 'stockmarket-sentiment-dataset.zip', 'ds3_name': 'stock-markettweets-lexicon-data.zip', 'ds1_path': 'ankurzing/sentiment-analysis-for-financial-news', 'ds2_path': 'yash612/stockmarket-sentiment-dataset', 'ds3_path': 'utkarshxy/stock-markettweets-lexicon-data', 'df1_name': 'all-data.csv', 'df2_name': 'stock_data.csv', 'df3_name': 'tweets_labelled_09042020_16072020.csv', 'save_path': 'data/temp', 'save_path_raw': 'data/raw', 'train_name': 'train.csv', 'test_name': 'test.csv'}
INFO:root:test run start...
INFO:root:initiate testing from results/bert-base-cased/ ...
INFO:root:[]
INFO:root:loading data-params...
INFO:root:{'data_path': 'data', 'expand': True, 'split': 0.2, 'random_state': 42, 'ds1_name': 'sentiment-analysis-for-financial-news.zip', 'ds2_name': 'stockmarket-sentiment-dataset.zip', 'ds3_name': 'stock-markettweets-lexicon-data.zip', 'ds1_path': 'ankurzing/sentiment-analysis-for-financial-news', 'ds2_path': 'yash612/stockmarket-sentiment-dataset', 'ds3_path': 'utkarshxy/stock-markettweets-lexicon-data', 'df1_name': 'all-data.csv', 'df2_name': 'stock_data.csv', 'df3_name': 'tweets_labelled_09042020_16072020.csv', 'save_path': 'data/temp', 'save_path_raw': 'data/raw', 'train_name': 'train.csv', 'test_name': 'test.csv'}
INFO:root:test run start...
INFO:root:initiate testing from ../results/bert-base-cased/ ...
INFO:root:[]
INFO:root:loading data-params...
INFO:root:{'data_path': 'data', 'expand': True, 'split': 0.2, 'random_state': 42, 'ds1_name': 'sentiment-analysis-for-financial-news.zip', 'ds2_name': 'stockmarket-sentiment-dataset.zip', 'ds3_name': 'stock-markettweets-lexicon-data.zip', 'ds1_path': 'ankurzing/sentiment-analysis-for-financial-news', 'ds2_path': 'yash612/stockmarket-sentiment-dataset', 'ds3_path': 'utkarshxy/stock-markettweets-lexicon-data', 'df1_name': 'all-data.csv', 'df2_name': 'stock_data.csv', 'df3_name': 'tweets_labelled_09042020_16072020.csv', 'save_path': 'data/temp', 'save_path_raw': 'data/raw', 'train_name': 'train.csv', 'test_name': 'test.csv'}
INFO:root:test run start...
INFO:root:initiate testing from results/bert-base-cased/ ...
INFO:root:[]
INFO:root:loading data-params...
INFO:root:{'data_path': 'data', 'expand': True, 'split': 0.2, 'random_state': 42, 'ds1_name': 'sentiment-analysis-for-financial-news.zip', 'ds2_name': 'stockmarket-sentiment-dataset.zip', 'ds3_name': 'stock-markettweets-lexicon-data.zip', 'ds1_path': 'ankurzing/sentiment-analysis-for-financial-news', 'ds2_path': 'yash612/stockmarket-sentiment-dataset', 'ds3_path': 'utkarshxy/stock-markettweets-lexicon-data', 'df1_name': 'all-data.csv', 'df2_name': 'stock_data.csv', 'df3_name': 'tweets_labelled_09042020_16072020.csv', 'save_path': 'data/temp', 'save_path_raw': 'data/raw', 'train_name': 'train.csv', 'test_name': 'test.csv'}
INFO:root:test run start...
INFO:root:/home/xihong/private/DSC180a-Q1-NLP
INFO:root:initiate testing from results/bert-base-cased/ ...
INFO:root:[]
INFO:root:loading data-params...
INFO:root:{'data_path': 'data', 'expand': True, 'split': 0.2, 'random_state': 42, 'ds1_name': 'sentiment-analysis-for-financial-news.zip', 'ds2_name': 'stockmarket-sentiment-dataset.zip', 'ds3_name': 'stock-markettweets-lexicon-data.zip', 'ds1_path': 'ankurzing/sentiment-analysis-for-financial-news', 'ds2_path': 'yash612/stockmarket-sentiment-dataset', 'ds3_path': 'utkarshxy/stock-markettweets-lexicon-data', 'df1_name': 'all-data.csv', 'df2_name': 'stock_data.csv', 'df3_name': 'tweets_labelled_09042020_16072020.csv', 'save_path': 'data/temp', 'save_path_raw': 'data/raw', 'train_name': 'train.csv', 'test_name': 'test.csv'}
INFO:root:test run start...
INFO:root:/home/xihong/private/DSC180a-Q1-NLP
INFO:root:initiate testing from results/bert-base-cased/ ...
INFO:root:loading test data from test/testdata/test.csv ...
INFO:root:predicting ...
INFO:root:saving predictions to data/out ...
INFO:root:testing done
INFO:root:['download_models']
INFO:root:['download_models']
INFO:root:loading data-params...
INFO:root:{'data_path': 'data', 'expand': True, 'split': 0.2, 'random_state': 42, 'ds1_name': 'sentiment-analysis-for-financial-news.zip', 'ds2_name': 'stockmarket-sentiment-dataset.zip', 'ds3_name': 'stock-markettweets-lexicon-data.zip', 'ds1_path': 'ankurzing/sentiment-analysis-for-financial-news', 'ds2_path': 'yash612/stockmarket-sentiment-dataset', 'ds3_path': 'utkarshxy/stock-markettweets-lexicon-data', 'df1_name': 'all-data.csv', 'df2_name': 'stock_data.csv', 'df3_name': 'tweets_labelled_09042020_16072020.csv', 'save_path': 'data/temp', 'save_path_raw': 'data/raw', 'train_name': 'train.csv', 'test_name': 'test.csv'}
INFO:root:{'outpath': 'results', 'models': ['1RCbC2rCkckt7K1ZZ_hT6DTUFKubFk3_8']}
INFO:root:test run start...
INFO:root:initiate testing from results/bert-base-cased/ ...
INFO:root:['download_models']
INFO:root:loading data-params...
INFO:root:{'data_path': 'data', 'expand': True, 'split': 0.2, 'random_state': 42, 'ds1_name': 'sentiment-analysis-for-financial-news.zip', 'ds2_name': 'stockmarket-sentiment-dataset.zip', 'ds3_name': 'stock-markettweets-lexicon-data.zip', 'ds1_path': 'ankurzing/sentiment-analysis-for-financial-news', 'ds2_path': 'yash612/stockmarket-sentiment-dataset', 'ds3_path': 'utkarshxy/stock-markettweets-lexicon-data', 'df1_name': 'all-data.csv', 'df2_name': 'stock_data.csv', 'df3_name': 'tweets_labelled_09042020_16072020.csv', 'save_path': 'data/temp', 'save_path_raw': 'data/raw', 'train_name': 'train.csv', 'test_name': 'test.csv'}
INFO:root:{'outpath': 'results', 'models': ['1RCbC2rCkckt7K1ZZ_hT6DTUFKubFk3_8']}
INFO:root:['download_models']
INFO:root:loading data-params...
INFO:root:{'data_path': 'data', 'expand': True, 'split': 0.2, 'random_state': 42, 'ds1_name': 'sentiment-analysis-for-financial-news.zip', 'ds2_name': 'stockmarket-sentiment-dataset.zip', 'ds3_name': 'stock-markettweets-lexicon-data.zip', 'ds1_path': 'ankurzing/sentiment-analysis-for-financial-news', 'ds2_path': 'yash612/stockmarket-sentiment-dataset', 'ds3_path': 'utkarshxy/stock-markettweets-lexicon-data', 'df1_name': 'all-data.csv', 'df2_name': 'stock_data.csv', 'df3_name': 'tweets_labelled_09042020_16072020.csv', 'save_path': 'data/temp', 'save_path_raw': 'data/raw', 'train_name': 'train.csv', 'test_name': 'test.csv'}
INFO:root:{'outpath': '/results', 'models': ['1RCbC2rCkckt7K1ZZ_hT6DTUFKubFk3_8']}
INFO:root:downloading to /results: 
INFO:root:downloading from google shared id: 1RCbC2rCkckt7K1ZZ_hT6DTUFKubFk3_8
INFO:root:['download_models']
INFO:root:loading data-params...
INFO:root:{'data_path': 'data', 'expand': True, 'split': 0.2, 'random_state': 42, 'ds1_name': 'sentiment-analysis-for-financial-news.zip', 'ds2_name': 'stockmarket-sentiment-dataset.zip', 'ds3_name': 'stock-markettweets-lexicon-data.zip', 'ds1_path': 'ankurzing/sentiment-analysis-for-financial-news', 'ds2_path': 'yash612/stockmarket-sentiment-dataset', 'ds3_path': 'utkarshxy/stock-markettweets-lexicon-data', 'df1_name': 'all-data.csv', 'df2_name': 'stock_data.csv', 'df3_name': 'tweets_labelled_09042020_16072020.csv', 'save_path': 'data/temp', 'save_path_raw': 'data/raw', 'train_name': 'train.csv', 'test_name': 'test.csv'}
INFO:root:{'outpath': '/results', 'models': ['1RCbC2rCkckt7K1ZZ_hT6DTUFKubFk3_8']}
INFO:root:downloading to /results: 
INFO:root:/home/xihong/private/DSC180a-Q1-NLP
INFO:root:downloading from google shared id: 1RCbC2rCkckt7K1ZZ_hT6DTUFKubFk3_8
INFO:root:['download_models']
INFO:root:loading data-params...
INFO:root:{'data_path': 'data', 'expand': True, 'split': 0.2, 'random_state': 42, 'ds1_name': 'sentiment-analysis-for-financial-news.zip', 'ds2_name': 'stockmarket-sentiment-dataset.zip', 'ds3_name': 'stock-markettweets-lexicon-data.zip', 'ds1_path': 'ankurzing/sentiment-analysis-for-financial-news', 'ds2_path': 'yash612/stockmarket-sentiment-dataset', 'ds3_path': 'utkarshxy/stock-markettweets-lexicon-data', 'df1_name': 'all-data.csv', 'df2_name': 'stock_data.csv', 'df3_name': 'tweets_labelled_09042020_16072020.csv', 'save_path': 'data/temp', 'save_path_raw': 'data/raw', 'train_name': 'train.csv', 'test_name': 'test.csv'}
INFO:root:{'outpath': 'results', 'models': ['1RCbC2rCkckt7K1ZZ_hT6DTUFKubFk3_8']}
INFO:root:downloading to /home/xihong/private/DSC180a-Q1-NLP/results: 
INFO:root:downloading from google shared id: 1RCbC2rCkckt7K1ZZ_hT6DTUFKubFk3_8
INFO:root:['download_models']
INFO:root:loading data-params...
INFO:root:{'data_path': 'data', 'expand': True, 'split': 0.2, 'random_state': 42, 'ds1_name': 'sentiment-analysis-for-financial-news.zip', 'ds2_name': 'stockmarket-sentiment-dataset.zip', 'ds3_name': 'stock-markettweets-lexicon-data.zip', 'ds1_path': 'ankurzing/sentiment-analysis-for-financial-news', 'ds2_path': 'yash612/stockmarket-sentiment-dataset', 'ds3_path': 'utkarshxy/stock-markettweets-lexicon-data', 'df1_name': 'all-data.csv', 'df2_name': 'stock_data.csv', 'df3_name': 'tweets_labelled_09042020_16072020.csv', 'save_path': 'data/temp', 'save_path_raw': 'data/raw', 'train_name': 'train.csv', 'test_name': 'test.csv'}
INFO:root:{'outpath': 'results', 'models': ['1RCbC2rCkckt7K1ZZ_hT6DTUFKubFk3_8']}
INFO:root:downloading to /home/xihong/private/DSC180a-Q1-NLP/results: 
INFO:root:downloading from google shared id: 1RCbC2rCkckt7K1ZZ_hT6DTUFKubFk3_8
INFO:root:test run start...
INFO:root:initiate testing from results/bert-base-cased/ ...
INFO:root:['download_models']
INFO:root:loading data-params...
INFO:root:{'data_path': 'data', 'expand': True, 'split': 0.2, 'random_state': 42, 'ds1_name': 'sentiment-analysis-for-financial-news.zip', 'ds2_name': 'stockmarket-sentiment-dataset.zip', 'ds3_name': 'stock-markettweets-lexicon-data.zip', 'ds1_path': 'ankurzing/sentiment-analysis-for-financial-news', 'ds2_path': 'yash612/stockmarket-sentiment-dataset', 'ds3_path': 'utkarshxy/stock-markettweets-lexicon-data', 'df1_name': 'all-data.csv', 'df2_name': 'stock_data.csv', 'df3_name': 'tweets_labelled_09042020_16072020.csv', 'save_path': 'data/temp', 'save_path_raw': 'data/raw', 'train_name': 'train.csv', 'test_name': 'test.csv'}
INFO:root:{'outpath': 'results', 'models': {'bert-base-cased.zip': '1RCbC2rCkckt7K1ZZ_hT6DTUFKubFk3_8'}}
INFO:root:downloading to /home/xihong/private/DSC180a-Q1-NLP/results: 
INFO:root:['download_models']
INFO:root:loading data-params...
INFO:root:{'data_path': 'data', 'expand': True, 'split': 0.2, 'random_state': 42, 'ds1_name': 'sentiment-analysis-for-financial-news.zip', 'ds2_name': 'stockmarket-sentiment-dataset.zip', 'ds3_name': 'stock-markettweets-lexicon-data.zip', 'ds1_path': 'ankurzing/sentiment-analysis-for-financial-news', 'ds2_path': 'yash612/stockmarket-sentiment-dataset', 'ds3_path': 'utkarshxy/stock-markettweets-lexicon-data', 'df1_name': 'all-data.csv', 'df2_name': 'stock_data.csv', 'df3_name': 'tweets_labelled_09042020_16072020.csv', 'save_path': 'data/temp', 'save_path_raw': 'data/raw', 'train_name': 'train.csv', 'test_name': 'test.csv'}
INFO:root:{'outpath': 'results', 'models': {'bert-base-cased.zip': '1RCbC2rCkckt7K1ZZ_hT6DTUFKubFk3_8'}}
INFO:root:downloading to /home/xihong/private/DSC180a-Q1-NLP/results: 
INFO:root:downloading from google shared id: bert-base-cased.zip
INFO:root:test run start...
INFO:root:initiate testing from results/bert-base-cased/ ...
INFO:root:['download_models']
INFO:root:loading data-params...
INFO:root:{'data_path': 'data', 'expand': True, 'split': 0.2, 'random_state': 42, 'ds1_name': 'sentiment-analysis-for-financial-news.zip', 'ds2_name': 'stockmarket-sentiment-dataset.zip', 'ds3_name': 'stock-markettweets-lexicon-data.zip', 'ds1_path': 'ankurzing/sentiment-analysis-for-financial-news', 'ds2_path': 'yash612/stockmarket-sentiment-dataset', 'ds3_path': 'utkarshxy/stock-markettweets-lexicon-data', 'df1_name': 'all-data.csv', 'df2_name': 'stock_data.csv', 'df3_name': 'tweets_labelled_09042020_16072020.csv', 'save_path': 'data/temp', 'save_path_raw': 'data/raw', 'train_name': 'train.csv', 'test_name': 'test.csv'}
INFO:root:{'outpath': 'results', 'models': {'bert-base-cased.zip': '1RCbC2rCkckt7K1ZZ_hT6DTUFKubFk3_8'}}
INFO:root:downloading to /home/xihong/private/DSC180a-Q1-NLP/results: 
INFO:root:['download_models']
INFO:root:{'outpath': 'results', 'models': {'bert-base-cased.zip': '1RCbC2rCkckt7K1ZZ_hT6DTUFKubFk3_8'}}
INFO:root:downloading to /home/xihong/private/DSC180a-Q1-NLP/results: 
INFO:root:['download_models']
INFO:root:{'outpath': 'results', 'models': {'bert-base-cased.zip': '1RCbC2rCkckt7K1ZZ_hT6DTUFKubFk3_8'}}
INFO:root:downloading to /home/xihong/private/DSC180a-Q1-NLP/results: 
INFO:root:downloading from google shared id: 1RCbC2rCkckt7K1ZZ_hT6DTUFKubFk3_8
INFO:root:saving model as name: bert-base-cased.zip
INFO:root:saving path: /home/xihong/private/DSC180a-Q1-NLP/results/bert-base-cased.zip
INFO:root:test run start...
INFO:root:initiate testing from results/bert-base-cased/ ...
INFO:root:['download_models']
INFO:root:{'outpath': 'results', 'models': {'bert-base-cased.zip': '1RCbC2rCkckt7K1ZZ_hT6DTUFKubFk3_8'}}
INFO:root:downloading to /home/xihong/private/DSC180a-Q1-NLP/results: 
INFO:root:downloading from google shared id: 1RCbC2rCkckt7K1ZZ_hT6DTUFKubFk3_8
INFO:root:saving model as name: bert-base-cased.zip
INFO:root:saving path: /home/xihong/private/DSC180a-Q1-NLP/results/bert-base-cased.zip
INFO:root:test run start...
INFO:root:initiate testing from results/bert-base-cased/ ...
INFO:root:['download_models']
INFO:root:{'outpath': 'results', 'models': {'bert-base-cased.zip': '1RCbC2rCkckt7K1ZZ_hT6DTUFKubFk3_8'}}
INFO:root:downloading to /home/xihong/private/DSC180a-Q1-NLP/results: 
INFO:root:downloading from google shared id: 1RCbC2rCkckt7K1ZZ_hT6DTUFKubFk3_8
INFO:root:saving model as name: bert-base-cased.zip
INFO:root:saving path: /home/xihong/private/DSC180a-Q1-NLP/results/bert-base-cased.zip
INFO:root:token: None
INFO:root:response: <Response [200]>
INFO:root:writing...
INFO:root:test run start...
INFO:root:initiate testing from results/bert-base-cased/ ...
INFO:root:['download_models']
INFO:root:{'outpath': 'results', 'models': {'bert-base-cased.zip': '1RCbC2rCkckt7K1ZZ_hT6DTUFKubFk3_8'}}
INFO:root:downloading to /home/xihong/private/DSC180a-Q1-NLP/results: 
INFO:root:downloading from google shared id: 1RCbC2rCkckt7K1ZZ_hT6DTUFKubFk3_8
INFO:root:saving model as name: bert-base-cased.zip
INFO:root:saving path: /home/xihong/private/DSC180a-Q1-NLP/results/bert-base-cased.zip
INFO:root:token: None
INFO:root:response: <Response [200]>
INFO:root:writing...
INFO:root:test run start...
INFO:root:initiate testing from results/bert-base-cased/ ...
INFO:root:['download_models']
INFO:root:{'outpath': 'results', 'models': {'bert-base-cased.zip': '1RCbC2rCkckt7K1ZZ_hT6DTUFKubFk3_8'}}
INFO:root:downloading to /home/xihong/private/DSC180a-Q1-NLP/results: 
INFO:root:downloading from google shared id: 1RCbC2rCkckt7K1ZZ_hT6DTUFKubFk3_8
INFO:root:saving model as name: bert-base-cased.zip
INFO:root:saving path: /home/xihong/private/DSC180a-Q1-NLP/results/bert-base-cased.zip
INFO:root:token: None
INFO:root:response.cookies: <RequestsCookieJar[]>
INFO:root:response: <Response [200]>
INFO:root:writing...
INFO:root:test run start...
INFO:root:initiate testing from results/bert-base-cased/ ...
INFO:root:['download_models']
INFO:root:{'outpath': 'results', 'models': {'bert-base-cased.zip': '1RCbC2rCkckt7K1ZZ_hT6DTUFKubFk3_8'}}
INFO:root:downloading to /home/xihong/private/DSC180a-Q1-NLP/results: 
INFO:root:downloading from google shared id: 1RCbC2rCkckt7K1ZZ_hT6DTUFKubFk3_8
INFO:root:saving model as name: bert-base-cased.zip
INFO:root:saving path: /home/xihong/private/DSC180a-Q1-NLP/results/bert-base-cased.zip
INFO:root:test run start...
INFO:root:initiate testing from results/bert-base-cased/ ...
INFO:root:['download_models']
INFO:root:{'outpath': 'results', 'models': {'bert-base-cased.zip': '1RCbC2rCkckt7K1ZZ_hT6DTUFKubFk3_8'}}
INFO:root:downloading to /home/xihong/private/DSC180a-Q1-NLP/results: 
INFO:root:downloading from google shared id: 1RCbC2rCkckt7K1ZZ_hT6DTUFKubFk3_8
INFO:root:saving model as name: bert-base-cased.zip
INFO:root:saving path: /home/xihong/private/DSC180a-Q1-NLP/results/bert-base-cased.zip
INFO:root:test run start...
INFO:root:initiate testing from results/bert-base-cased/ ...
INFO:root:loading test data from test/testdata/test.csv ...
INFO:root:predicting ...
INFO:root:saving predictions to data/out ...
INFO:root:testing done
INFO:root:['download_models']
INFO:root:{'outpath': 'results', 'models': {'bert-base-cased.zip': '1RCbC2rCkckt7K1ZZ_hT6DTUFKubFk3_8'}}
INFO:root:downloading to /home/xihong/private/DSC180a-Q1-NLP/results: 
INFO:root:downloading from google shared id: 1RCbC2rCkckt7K1ZZ_hT6DTUFKubFk3_8
INFO:root:saving model as name: bert-base-cased.zip
INFO:root:saving path: /home/xihong/private/DSC180a-Q1-NLP/results/bert-base-cased.zip
INFO:root:test run start...
INFO:root:initiate testing from results/bert-base-cased/ ...
INFO:root:loading test data from test/testdata/test.csv ...
INFO:root:predicting ...
INFO:root:saving predictions to data/out ...
INFO:root:testing done
INFO:root:['download_models']
INFO:root:{'outpath': 'results', 'models': {'bert-base-cased.zip': '1RCbC2rCkckt7K1ZZ_hT6DTUFKubFk3_8'}}
INFO:root:downloading to /home/xihong/private/DSC180a-Q1-NLP/results: 
INFO:root:downloading from google shared id: 1RCbC2rCkckt7K1ZZ_hT6DTUFKubFk3_8
INFO:root:saving model as name: bert-base-cased.zip
INFO:root:saving path: /home/xihong/private/DSC180a-Q1-NLP/results/bert-base-cased.zip
INFO:root:test run start...
INFO:root:initiate testing from results/bert-base-cased/ ...
INFO:root:loading test data from test/testdata/test.csv ...
INFO:root:predicting ...
INFO:root:saving predictions to data/out ...
INFO:root:testing done
INFO:root:['download_models']
INFO:root:{'outpath': 'results', 'models': {'bert-base-cased.zip': '1RCbC2rCkckt7K1ZZ_hT6DTUFKubFk3_8'}}
INFO:root:downloading to ['1RCbC2rCkckt7K1ZZ_hT6DTUFKubFk3_8', 'bert-base-cased', '.ipynb_checkpoints', 'bert-base-cased.zip']: 
INFO:root:test run start...
INFO:root:initiate testing from results/bert-base-cased/ ...
INFO:root:loading test data from test/testdata/test.csv ...
INFO:root:predicting ...
INFO:root:saving predictions to data/out ...
INFO:root:testing done
INFO:root:['download_models']
INFO:root:{'outpath': 'results', 'models': {'bert-base-cased.zip': '1RCbC2rCkckt7K1ZZ_hT6DTUFKubFk3_8'}}
INFO:root:downloading to /home/xihong/private/DSC180a-Q1-NLP/results: 
INFO:root:['download_models']
INFO:root:{'outpath': 'results', 'models': {'bert-base-cased.zip': '1RCbC2rCkckt7K1ZZ_hT6DTUFKubFk3_8'}}
INFO:root:downloading to /home/xihong/private/DSC180a-Q1-NLP/results: 
INFO:root:test run start...
INFO:root:initiate testing from results/bert-base-cased/ ...
INFO:root:loading test data from test/testdata/test.csv ...
INFO:root:predicting ...
INFO:root:saving predictions to data/out ...
INFO:root:testing done
INFO:root:['download_models']
INFO:root:{'outpath': 'results', 'models': {'bert-base-cased.zip': '1RCbC2rCkckt7K1ZZ_hT6DTUFKubFk3_8'}}
INFO:root:downloading to /home/xihong/private/DSC180a-Q1-NLP/results: 
INFO:root:test run start...
INFO:root:initiate testing from results/bert-base-cased/ ...
INFO:root:loading test data from test/testdata/test.csv ...
INFO:root:predicting ...
INFO:root:saving predictions to data/out ...
INFO:root:testing done
